<?xml version="1.0" encoding="UTF-8"?>
<testng-results skipped="0" failed="0" total="1" passed="1">
  <reporter-output>
  </reporter-output>
  <suite name="Default suite" duration-ms="16882" started-at="2015-07-29T17:40:14Z" finished-at="2015-07-29T17:40:31Z">
    <groups>
    </groups>
    <test name="Default test" duration-ms="16882" started-at="2015-07-29T17:40:14Z" finished-at="2015-07-29T17:40:31Z">
      <class name="com.booking.tests.BookingFactory">
        <test-method status="PASS" signature="before()" name="before" is-config="true" duration-ms="11316" started-at="2015-07-29T17:40:14Z" finished-at="2015-07-29T17:40:25Z">
        </test-method>
        <test-method status="PASS" signature="test5()" name="test5" duration-ms="2879" started-at="2015-07-29T17:40:25Z" finished-at="2015-07-29T17:40:28Z">
        </test-method>
        <test-method status="PASS" signature="after()" name="after" is-config="true" duration-ms="2663" started-at="2015-07-29T17:40:28Z" finished-at="2015-07-29T17:40:31Z">
        </test-method>
      </class>
    </test>
  </suite>
</testng-results>
